<?xml version="1.0" encoding="UTF-8"?>
<!-- Generated by org.testng.reporters.JUnitReportReporter -->
<testsuite hostname="DESKTOP-C4RIFI2" failures="0" tests="1" name="Tstngdemo.C1" time="0.018" errors="0" timestamp="2025-01-29T22:28:31 IST" skipped="0">
  <testcase classname="Tstngdemo.C1" name="abc" time="0.018"/>
  <system-out/>
</testsuite> <!-- Tstngdemo.C1 -->
