<?xml version="1.0" encoding="UTF-8"?>
<!-- Generated by org.testng.reporters.JUnitReportReporter -->
<testsuite hostname="DESKTOP-C4RIFI2" failures="0" tests="1" name="testngdemo2.logintests" time="0.017" errors="0" timestamp="2025-01-30T23:09:31 IST" skipped="0">
  <testcase classname="testngdemo2.logintests" name="loginbyTwitter" time="0.017"/>
  <system-out/>
</testsuite> <!-- testngdemo2.logintests -->
