<?xml version="1.0" encoding="UTF-8"?>
<!-- Generated by org.testng.reporters.JUnitReportReporter -->
<testsuite hostname="DESKTOP-C4RIFI2" failures="0" tests="2" name="Tstngdemo.C3" time="0.008" errors="0" timestamp="2025-01-29T22:04:33 IST" skipped="0">
  <testcase classname="Tstngdemo.C3" name="xyz" time="0.004"/>
  <system-out/>
  <testcase classname="Tstngdemo.C3" name="xyz" time="0.004"/>
  <system-out/>
</testsuite> <!-- Tstngdemo.C3 -->
