<?xml version="1.0" encoding="UTF-8"?>
<!-- Generated by org.testng.reporters.JUnitReportReporter -->
<testsuite hostname="DESKTOP-C4RIFI2" failures="0" tests="2" name="com.SeleniumPractice.Annotationsdemo2" time="0.016" errors="0" timestamp="2025-01-29T20:26:25 IST" skipped="0">
  <testcase classname="com.SeleniumPractice.Annotationsdemo2" name="search" time="0.011"/>
  <system-out/>
  <testcase classname="com.SeleniumPractice.Annotationsdemo2" name="advsearch" time="0.005"/>
  <system-out/>
</testsuite> <!-- com.SeleniumPractice.Annotationsdemo2 -->
