<?xml version="1.0" encoding="UTF-8"?>
<!-- Generated by org.testng.reporters.JUnitReportReporter -->
<testsuite hostname="DESKTOP-C4RIFI2" failures="0" tests="2" name="com.SeleniumPractice.annotationsdemo" time="0.033" errors="0" timestamp="2025-01-29T20:07:17 IST" skipped="0">
  <testcase classname="com.SeleniumPractice.annotationsdemo" name="search" time="0.016"/>
  <system-out/>
  <testcase classname="com.SeleniumPractice.annotationsdemo" name="advancesearch" time="0.017"/>
  <system-out/>
</testsuite> <!-- com.SeleniumPractice.annotationsdemo -->
