<?xml version="1.0" encoding="UTF-8"?>
<!-- Generated by org.testng.reporters.JUnitReportReporter -->
<testsuite hostname="DESKTOP-C4RIFI2" failures="0" tests="1" name="testngdemo2.Payementtests" time="0.003" errors="0" timestamp="2025-01-30T23:09:31 IST" skipped="0">
  <testcase classname="testngdemo2.Payementtests" name="paymentinPounds" time="0.003"/>
  <system-out/>
</testsuite> <!-- testngdemo2.Payementtests -->
